Build started 2/19/2019 9:32:27 PM.
     1>Project "c:\Users\Anfernee\documents\visual studio 2013\Projects\rate_calculations_menu\rate_calculations_menu\rate_calculations_menu.vcxproj" on node 2 (Build target(s)).
     1>ClCompile:
         C:\Program Files (x86)\Microsoft Visual Studio 12.0\VC\bin\CL.exe /c /ZI /nologo /W3 /WX- /sdl- /Od /Oy- /D WIN32 /D _DEBUG /D _CONSOLE /D _LIB /D _UNICODE /D UNICODE /Gm /EHsc /RTC1 /MDd /GS /fp:precise /Zc:wchar_t /Zc:forScope /Fo"Debug\\" /Fd"Debug\vc120.pdb" /Gd /TP /analyze- /errorReport:prompt Source.cpp
         Source.cpp
     1>c:\users\anfernee\documents\visual studio 2013\projects\rate_calculations_menu\rate_calculations_menu\source.cpp(18): warning C4996: 'scanf': This function or variable may be unsafe. Consider using scanf_s instead. To disable deprecation, use _CRT_SECURE_NO_WARNINGS. See online help for details.
                 c:\program files (x86)\microsoft visual studio 12.0\vc\include\stdio.h(283) : see declaration of 'scanf'
     1>c:\users\anfernee\documents\visual studio 2013\projects\rate_calculations_menu\rate_calculations_menu\source.cpp(33): warning C4996: 'scanf': This function or variable may be unsafe. Consider using scanf_s instead. To disable deprecation, use _CRT_SECURE_NO_WARNINGS. See online help for details.
                 c:\program files (x86)\microsoft visual studio 12.0\vc\include\stdio.h(283) : see declaration of 'scanf'
     1>c:\users\anfernee\documents\visual studio 2013\projects\rate_calculations_menu\rate_calculations_menu\source.cpp(35): warning C4996: 'scanf': This function or variable may be unsafe. Consider using scanf_s instead. To disable deprecation, use _CRT_SECURE_NO_WARNINGS. See online help for details.
                 c:\program files (x86)\microsoft visual studio 12.0\vc\include\stdio.h(283) : see declaration of 'scanf'
     1>c:\users\anfernee\documents\visual studio 2013\projects\rate_calculations_menu\rate_calculations_menu\source.cpp(50): warning C4996: 'scanf': This function or variable may be unsafe. Consider using scanf_s instead. To disable deprecation, use _CRT_SECURE_NO_WARNINGS. See online help for details.
                 c:\program files (x86)\microsoft visual studio 12.0\vc\include\stdio.h(283) : see declaration of 'scanf'
     1>c:\users\anfernee\documents\visual studio 2013\projects\rate_calculations_menu\rate_calculations_menu\source.cpp(52): warning C4996: 'scanf': This function or variable may be unsafe. Consider using scanf_s instead. To disable deprecation, use _CRT_SECURE_NO_WARNINGS. See online help for details.
                 c:\program files (x86)\microsoft visual studio 12.0\vc\include\stdio.h(283) : see declaration of 'scanf'
     1>c:\users\anfernee\documents\visual studio 2013\projects\rate_calculations_menu\rate_calculations_menu\source.cpp(54): warning C4996: 'scanf': This function or variable may be unsafe. Consider using scanf_s instead. To disable deprecation, use _CRT_SECURE_NO_WARNINGS. See online help for details.
                 c:\program files (x86)\microsoft visual studio 12.0\vc\include\stdio.h(283) : see declaration of 'scanf'
     1>c:\users\anfernee\documents\visual studio 2013\projects\rate_calculations_menu\rate_calculations_menu\source.cpp(74): warning C4996: 'scanf': This function or variable may be unsafe. Consider using scanf_s instead. To disable deprecation, use _CRT_SECURE_NO_WARNINGS. See online help for details.
                 c:\program files (x86)\microsoft visual studio 12.0\vc\include\stdio.h(283) : see declaration of 'scanf'
     1>c:\users\anfernee\documents\visual studio 2013\projects\rate_calculations_menu\rate_calculations_menu\source.cpp(76): warning C4996: 'scanf': This function or variable may be unsafe. Consider using scanf_s instead. To disable deprecation, use _CRT_SECURE_NO_WARNINGS. See online help for details.
                 c:\program files (x86)\microsoft visual studio 12.0\vc\include\stdio.h(283) : see declaration of 'scanf'
     1>c:\users\anfernee\documents\visual studio 2013\projects\rate_calculations_menu\rate_calculations_menu\source.cpp(78): warning C4996: 'scanf': This function or variable may be unsafe. Consider using scanf_s instead. To disable deprecation, use _CRT_SECURE_NO_WARNINGS. See online help for details.
                 c:\program files (x86)\microsoft visual studio 12.0\vc\include\stdio.h(283) : see declaration of 'scanf'
     1>c:\users\anfernee\documents\visual studio 2013\projects\rate_calculations_menu\rate_calculations_menu\source.cpp(104): warning C4996: 'scanf': This function or variable may be unsafe. Consider using scanf_s instead. To disable deprecation, use _CRT_SECURE_NO_WARNINGS. See online help for details.
                 c:\program files (x86)\microsoft visual studio 12.0\vc\include\stdio.h(283) : see declaration of 'scanf'
     1>c:\users\anfernee\documents\visual studio 2013\projects\rate_calculations_menu\rate_calculations_menu\source.cpp(106): warning C4996: 'scanf': This function or variable may be unsafe. Consider using scanf_s instead. To disable deprecation, use _CRT_SECURE_NO_WARNINGS. See online help for details.
                 c:\program files (x86)\microsoft visual studio 12.0\vc\include\stdio.h(283) : see declaration of 'scanf'
     1>c:\users\anfernee\documents\visual studio 2013\projects\rate_calculations_menu\rate_calculations_menu\source.cpp(108): warning C4996: 'scanf': This function or variable may be unsafe. Consider using scanf_s instead. To disable deprecation, use _CRT_SECURE_NO_WARNINGS. See online help for details.
                 c:\program files (x86)\microsoft visual studio 12.0\vc\include\stdio.h(283) : see declaration of 'scanf'
     1>c:\users\anfernee\documents\visual studio 2013\projects\rate_calculations_menu\rate_calculations_menu\source.cpp(118): warning C4996: 'scanf': This function or variable may be unsafe. Consider using scanf_s instead. To disable deprecation, use _CRT_SECURE_NO_WARNINGS. See online help for details.
                 c:\program files (x86)\microsoft visual studio 12.0\vc\include\stdio.h(283) : see declaration of 'scanf'
     1>c:\users\anfernee\documents\visual studio 2013\projects\rate_calculations_menu\rate_calculations_menu\source.cpp(130): warning C4129: 'o' : unrecognized character escape sequence
     1>c:\users\anfernee\documents\visual studio 2013\projects\rate_calculations_menu\rate_calculations_menu\source.cpp(133): warning C4129: 'o' : unrecognized character escape sequence
     1>c:\users\anfernee\documents\visual studio 2013\projects\rate_calculations_menu\rate_calculations_menu\source.cpp(135): warning C4129: 'o' : unrecognized character escape sequence
     1>c:\users\anfernee\documents\visual studio 2013\projects\rate_calculations_menu\rate_calculations_menu\source.cpp(136): warning C4244: '=' : conversion from 'double' to 'float', possible loss of data
     1>c:\users\anfernee\documents\visual studio 2013\projects\rate_calculations_menu\rate_calculations_menu\source.cpp(140): warning C4244: '=' : conversion from 'double' to 'float', possible loss of data
     1>c:\users\anfernee\documents\visual studio 2013\projects\rate_calculations_menu\rate_calculations_menu\source.cpp(141): warning C4129: 'o' : unrecognized character escape sequence
     1>c:\users\anfernee\documents\visual studio 2013\projects\rate_calculations_menu\rate_calculations_menu\source.cpp(159): warning C4996: 'scanf': This function or variable may be unsafe. Consider using scanf_s instead. To disable deprecation, use _CRT_SECURE_NO_WARNINGS. See online help for details.
                 c:\program files (x86)\microsoft visual studio 12.0\vc\include\stdio.h(283) : see declaration of 'scanf'
     1>c:\users\anfernee\documents\visual studio 2013\projects\rate_calculations_menu\rate_calculations_menu\source.cpp(161): warning C4996: 'scanf': This function or variable may be unsafe. Consider using scanf_s instead. To disable deprecation, use _CRT_SECURE_NO_WARNINGS. See online help for details.
                 c:\program files (x86)\microsoft visual studio 12.0\vc\include\stdio.h(283) : see declaration of 'scanf'
     1>c:\users\anfernee\documents\visual studio 2013\projects\rate_calculations_menu\rate_calculations_menu\source.cpp(163): warning C4996: 'scanf': This function or variable may be unsafe. Consider using scanf_s instead. To disable deprecation, use _CRT_SECURE_NO_WARNINGS. See online help for details.
                 c:\program files (x86)\microsoft visual studio 12.0\vc\include\stdio.h(283) : see declaration of 'scanf'
     1>c:\users\anfernee\documents\visual studio 2013\projects\rate_calculations_menu\rate_calculations_menu\source.cpp(167): warning C4244: '=' : conversion from 'double' to 'float', possible loss of data
     1>c:\users\anfernee\documents\visual studio 2013\projects\rate_calculations_menu\rate_calculations_menu\source.cpp(172): warning C4244: '=' : conversion from 'double' to 'float', possible loss of data
     1>c:\users\anfernee\documents\visual studio 2013\projects\rate_calculations_menu\rate_calculations_menu\source.cpp(187): warning C4996: 'scanf': This function or variable may be unsafe. Consider using scanf_s instead. To disable deprecation, use _CRT_SECURE_NO_WARNINGS. See online help for details.
                 c:\program files (x86)\microsoft visual studio 12.0\vc\include\stdio.h(283) : see declaration of 'scanf'
       Link:
         C:\Program Files (x86)\Microsoft Visual Studio 12.0\VC\bin\link.exe /ERRORREPORT:PROMPT /OUT:"c:\users\anfernee\documents\visual studio 2013\Projects\rate_calculations_menu\Debug\rate_calculations_menu.exe" /INCREMENTAL /NOLOGO kernel32.lib user32.lib gdi32.lib winspool.lib comdlg32.lib advapi32.lib shell32.lib ole32.lib oleaut32.lib uuid.lib odbc32.lib odbccp32.lib /MANIFEST /MANIFESTUAC:"level='asInvoker' uiAccess='false'" /manifest:embed /DEBUG /PDB:"c:\users\anfernee\documents\visual studio 2013\Projects\rate_calculations_menu\Debug\rate_calculations_menu.pdb" /SUBSYSTEM:CONSOLE /TLBID:1 /DYNAMICBASE /NXCOMPAT /IMPLIB:"c:\users\anfernee\documents\visual studio 2013\Projects\rate_calculations_menu\Debug\rate_calculations_menu.lib" /MACHINE:X86 Debug\Source.obj
         rate_calculations_menu.vcxproj -> c:\users\anfernee\documents\visual studio 2013\Projects\rate_calculations_menu\Debug\rate_calculations_menu.exe
     1>Done Building Project "c:\Users\Anfernee\documents\visual studio 2013\Projects\rate_calculations_menu\rate_calculations_menu\rate_calculations_menu.vcxproj" (Build target(s)).

Build succeeded.

Time Elapsed 00:00:00.42
